<?xml version="1.0" encoding="UTF-8"?>
<!-- Generated by org.testng.reporters.JUnitReportReporter -->
<testsuite hostname="GodisGracious.local" name="com.ardublock.MainTest" tests="2" failures="0" timestamp="27 Sep 2016 08:08:21 GMT" time="0.001" errors="0">
  <testcase name="testSingleLoop" time="0.000" classname="com.ardublock.MainTest"/>
  <testcase name="testFiles" time="0.001" classname="com.ardublock.MainTest"/>
</testsuite>
